<?xml version="1.0" encoding="UTF-8"?>
<!-- Generated by org.testng.reporters.JUnitXMLReporter -->
<testsuite ignored="2" hostname="HP" failures="1" tests="3" name="RegressionTest" time="75.648" errors="0" timestamp="2023-03-01T16:05:06 IST">
  <testcase classname="com.dcpl.testcase.OrderConfirmationPageTest" name="verifyOrderConfirmationByOrderDate" time="10.03">
    <skipped/>
  </testcase> <!-- verifyOrderConfirmationByOrderDate -->
  <testcase classname="com.dcpl.testcase.OrderConfirmationPageTest" name="verifyOrderConfirmationByOrderDate" time="9.922">
    <skipped/>
  </testcase> <!-- verifyOrderConfirmationByOrderDate -->
  <testcase classname="com.dcpl.testcase.OrderConfirmationPageTest" name="verifyOrderConfirmationByOrderDate" time="10.086">
    <failure type="java.lang.AssertionError" message="expected [Order Confirm Cashier - Sales] but found [Sales - Dashboard - Sales]">
      <![CDATA[java.lang.AssertionError: expected [Order Confirm Cashier - Sales] but found [Sales - Dashboard - Sales]
at com.dcpl.testcase.OrderConfirmationPageTest.verifyOrderConfirmationByOrderDate(OrderConfirmationPageTest.java:58)
at java.base/java.util.ArrayList.forEach(ArrayList.java:1541)
... Removed 33 stack frames]]>
    </failure>
  </testcase> <!-- verifyOrderConfirmationByOrderDate -->
  <testcase classname="com.dcpl.testcase.OrderConfirmationPageTest" name="verifyOrderConfirmationPageSearchGridHeaders" time="0.0">
    <ignored/>
  </testcase> <!-- verifyOrderConfirmationPageSearchGridHeaders -->
  <testcase classname="com.dcpl.testcase.OrderConfirmationPageTest" name="verifyOrderConfirmationByOrderNo" time="0.0">
    <ignored/>
  </testcase> <!-- verifyOrderConfirmationByOrderNo -->
</testsuite> <!-- RegressionTest -->
